2024-03-05 13:41:42,866 DEBUG - 3.015ms,commonrequest:getBlockNumber:DONE
2024-03-05 13:41:42,869 DEBUG - 1.523ms,commonrequest:getNodeIDList:DONE
2024-03-05 13:41:43,968 DEBUG - 1.814ms,commonrequest:getBlockNumber:DONE
2024-03-05 13:41:43,971 DEBUG - 1.581ms,commonrequest:getNodeIDList:DONE
2024-03-05 13:41:55,271 DEBUG - 9.449ms,commonrequest:getNodeIDList:DONE
2024-03-05 13:41:55,273 DEBUG - 8.856ms,commonrequest:getBlockNumber:DONE
2024-03-05 13:41:55,274 DEBUG - 9.107ms,commonrequest:getTotalTransactionCount:DONE
2024-03-05 13:41:55,803 DEBUG - 5.788ms,commonrequest:getBlockNumber:DONE
2024-03-05 13:41:55,814 DEBUG - 14.787ms,commonrequest:getTotalTransactionCount:DONE
2024-03-05 13:41:55,990 DEBUG - 10.328ms,commonrequest:getBlockNumber:DONE
2024-03-05 13:41:55,994 DEBUG - 13.593ms,commonrequest:getTotalTransactionCount:DONE
2024-03-05 13:41:56,452 DEBUG - 6.998ms,commonrequest:getBlockNumber:DONE
2024-03-05 13:41:56,454 DEBUG - 7.703ms,commonrequest:getTotalTransactionCount:DONE
2024-03-05 13:41:56,951 DEBUG - 6.001ms,commonrequest:getBlockNumber:DONE
2024-03-05 13:41:56,953 DEBUG - 6.376ms,commonrequest:getTotalTransactionCount:DONE
2024-03-05 13:41:57,454 DEBUG - 8.161ms,commonrequest:getBlockNumber:DONE
2024-03-05 13:41:57,455 DEBUG - 8.095ms,commonrequest:getTotalTransactionCount:DONE
2024-03-05 13:41:57,958 DEBUG - 6.703ms,commonrequest:getBlockNumber:DONE
2024-03-05 13:41:57,959 DEBUG - 6.362ms,commonrequest:getTotalTransactionCount:DONE
2024-03-05 13:41:58,467 DEBUG - 17.484ms,commonrequest:getBlockNumber:DONE
2024-03-05 13:41:58,470 DEBUG - 19.277ms,commonrequest:getTotalTransactionCount:DONE
2024-03-05 13:41:58,956 DEBUG - 6.736ms,commonrequest:getBlockNumber:DONE
2024-03-05 13:41:58,958 DEBUG - 7.983ms,commonrequest:getTotalTransactionCount:DONE
2024-03-05 13:41:59,453 DEBUG - 7.141ms,commonrequest:getBlockNumber:DONE
2024-03-05 13:41:59,454 DEBUG - 6.440ms,commonrequest:getTotalTransactionCount:DONE
2024-03-05 13:41:59,955 DEBUG - 6.006ms,commonrequest:getBlockNumber:DONE
2024-03-05 13:41:59,957 DEBUG - 7.265ms,commonrequest:getTotalTransactionCount:DONE
2024-03-05 13:42:00,476 DEBUG - 17.507ms,commonrequest:getBlockNumber:DONE
2024-03-05 13:42:00,484 DEBUG - 21.968ms,commonrequest:getTotalTransactionCount:DONE
2024-03-05 13:42:02,038 DEBUG - 16.220ms,commonrequest:getBlockNumber:DONE
2024-03-05 13:42:02,043 DEBUG - 18.221ms,commonrequest:getTotalTransactionCount:DONE
2024-03-05 13:42:02,453 DEBUG - 6.709ms,commonrequest:getBlockNumber:DONE
2024-03-05 13:42:02,454 DEBUG - 6.311ms,commonrequest:getTotalTransactionCount:DONE
2024-03-05 13:42:02,954 DEBUG - 7.143ms,commonrequest:getBlockNumber:DONE
2024-03-05 13:42:02,955 DEBUG - 6.188ms,commonrequest:getTotalTransactionCount:DONE
2024-03-05 13:42:03,459 DEBUG - 6.737ms,commonrequest:getBlockNumber:DONE
2024-03-05 13:42:03,460 DEBUG - 6.670ms,commonrequest:getTotalTransactionCount:DONE
2024-03-05 13:42:03,954 DEBUG - 6.687ms,commonrequest:getBlockNumber:DONE
2024-03-05 13:42:03,957 DEBUG - 8.556ms,commonrequest:getTotalTransactionCount:DONE
2024-03-05 13:42:05,491 DEBUG - 6.849ms,commonrequest:getBlockNumber:DONE
2024-03-05 13:42:05,494 DEBUG - 8.434ms,commonrequest:getTotalTransactionCount:DONE
2024-03-05 13:42:05,952 DEBUG - 6.205ms,commonrequest:getBlockNumber:DONE
2024-03-05 13:42:05,953 DEBUG - 6.490ms,commonrequest:getTotalTransactionCount:DONE
2024-03-05 13:42:06,458 DEBUG - 6.922ms,commonrequest:getBlockNumber:DONE
2024-03-05 13:42:06,461 DEBUG - 8.202ms,commonrequest:getTotalTransactionCount:DONE
2024-03-05 13:42:07,564 DEBUG - 7.267ms,commonrequest:getBlockNumber:DONE
2024-03-05 13:42:07,566 DEBUG - 8.569ms,commonrequest:getTotalTransactionCount:DONE
2024-03-05 13:42:08,579 DEBUG - 7.385ms,commonrequest:getBlockNumber:DONE
2024-03-05 13:42:08,580 DEBUG - 5.556ms,commonrequest:getTotalTransactionCount:DONE
2024-03-05 13:42:09,565 DEBUG - 8.405ms,commonrequest:getBlockNumber:DONE
2024-03-05 13:42:09,568 DEBUG - 9.772ms,commonrequest:getTotalTransactionCount:DONE
2024-03-05 13:42:10,562 DEBUG - 6.208ms,commonrequest:getBlockNumber:DONE
2024-03-05 13:42:10,562 DEBUG - 5.474ms,commonrequest:getTotalTransactionCount:DONE
2024-03-05 13:42:11,567 DEBUG - 10.382ms,commonrequest:getBlockNumber:DONE
2024-03-05 13:42:11,571 DEBUG - 11.792ms,commonrequest:getTotalTransactionCount:DONE
2024-03-05 13:42:12,565 DEBUG - 8.779ms,commonrequest:getBlockNumber:DONE
2024-03-05 13:42:12,569 DEBUG - 11.633ms,commonrequest:getTotalTransactionCount:DONE
2024-03-05 13:42:13,563 DEBUG - 7.333ms,commonrequest:getBlockNumber:DONE
2024-03-05 13:42:13,565 DEBUG - 7.550ms,commonrequest:getTotalTransactionCount:DONE
2024-03-05 13:42:14,561 DEBUG - 6.663ms,commonrequest:getBlockNumber:DONE
2024-03-05 13:42:14,566 DEBUG - 9.892ms,commonrequest:getTotalTransactionCount:DONE
2024-03-05 13:42:15,561 DEBUG - 7.123ms,commonrequest:getBlockNumber:DONE
2024-03-05 13:42:15,562 DEBUG - 6.911ms,commonrequest:getTotalTransactionCount:DONE
2024-03-05 13:42:16,563 DEBUG - 7.522ms,commonrequest:getBlockNumber:DONE
2024-03-05 13:42:16,566 DEBUG - 9.118ms,commonrequest:getTotalTransactionCount:DONE
2024-03-05 13:42:17,566 DEBUG - 10.276ms,commonrequest:getBlockNumber:DONE
2024-03-05 13:42:17,575 DEBUG - 17.104ms,commonrequest:getTotalTransactionCount:DONE
2024-03-05 13:42:18,563 DEBUG - 6.658ms,commonrequest:getBlockNumber:DONE
2024-03-05 13:42:18,567 DEBUG - 8.994ms,commonrequest:getTotalTransactionCount:DONE
2024-03-05 13:42:19,563 DEBUG - 8.150ms,commonrequest:getBlockNumber:DONE
2024-03-05 13:42:19,567 DEBUG - 10.080ms,commonrequest:getTotalTransactionCount:DONE
2024-03-05 13:42:20,032 DEBUG - 8.245ms,commonrequest:getBlockNumber:DONE
2024-03-05 13:42:20,122 DEBUG - 95.071ms,commonrequest:getTotalTransactionCount:DONE
2024-03-05 13:42:20,465 DEBUG - 11.949ms,commonrequest:getBlockNumber:DONE
2024-03-05 13:42:20,474 DEBUG - 18.526ms,commonrequest:getTotalTransactionCount:DONE
2024-03-05 13:42:20,966 DEBUG - 12.944ms,commonrequest:getBlockNumber:DONE
2024-03-05 13:42:20,974 DEBUG - 18.507ms,commonrequest:getTotalTransactionCount:DONE
2024-03-05 13:42:21,458 DEBUG - 5.378ms,commonrequest:getTotalTransactionCount:DONE
2024-03-05 13:42:21,459 DEBUG - 7.584ms,commonrequest:getBlockNumber:DONE
2024-03-05 13:42:21,956 DEBUG - 7.416ms,commonrequest:getBlockNumber:DONE
2024-03-05 13:42:21,962 DEBUG - 11.472ms,commonrequest:getTotalTransactionCount:DONE
2024-03-05 13:42:22,456 DEBUG - 5.668ms,commonrequest:getBlockNumber:DONE
2024-03-05 13:42:22,457 DEBUG - 6.290ms,commonrequest:getTotalTransactionCount:DONE
2024-03-05 13:42:22,949 DEBUG - 4.206ms,commonrequest:getBlockNumber:DONE
2024-03-05 13:42:22,952 DEBUG - 5.721ms,commonrequest:getTotalTransactionCount:DONE
2024-03-05 13:42:23,454 DEBUG - 6.425ms,commonrequest:getBlockNumber:DONE
2024-03-05 13:42:23,455 DEBUG - 6.513ms,commonrequest:getTotalTransactionCount:DONE
2024-03-05 13:42:23,968 DEBUG - 19.590ms,commonrequest:getBlockNumber:DONE
2024-03-05 13:42:23,973 DEBUG - 20.616ms,commonrequest:getTotalTransactionCount:DONE
2024-03-05 13:42:24,469 DEBUG - 15.021ms,commonrequest:getBlockNumber:DONE
2024-03-05 13:42:24,474 DEBUG - 16.301ms,commonrequest:getTotalTransactionCount:DONE
2024-03-05 13:42:25,013 DEBUG - 13.436ms,commonrequest:getBlockNumber:DONE
2024-03-05 13:42:25,018 DEBUG - 17.136ms,commonrequest:getTotalTransactionCount:DONE
2024-03-05 13:42:25,459 DEBUG - 11.703ms,commonrequest:getBlockNumber:DONE
2024-03-05 13:42:25,464 DEBUG - 15.024ms,commonrequest:getTotalTransactionCount:DONE
2024-03-05 13:42:26,040 DEBUG - 73.677ms,commonrequest:getBlockNumber:DONE
2024-03-05 13:42:26,050 DEBUG - 11.373ms,commonrequest:getTotalTransactionCount:DONE
2024-03-05 13:42:26,493 DEBUG - 34.321ms,commonrequest:getTotalTransactionCount:DONE
2024-03-05 13:42:26,494 DEBUG - 39.688ms,commonrequest:getBlockNumber:DONE
2024-03-05 13:42:26,953 DEBUG - 6.272ms,commonrequest:getBlockNumber:DONE
2024-03-05 13:42:26,954 DEBUG - 6.751ms,commonrequest:getTotalTransactionCount:DONE
2024-03-05 13:42:27,465 DEBUG - 10.856ms,commonrequest:getBlockNumber:DONE
2024-03-05 13:42:27,471 DEBUG - 11.743ms,commonrequest:getTotalTransactionCount:DONE
2024-03-05 13:42:27,955 DEBUG - 7.673ms,commonrequest:getBlockNumber:DONE
2024-03-05 13:42:27,959 DEBUG - 9.917ms,commonrequest:getTotalTransactionCount:DONE
2024-03-05 13:42:28,454 DEBUG - 6.960ms,commonrequest:getBlockNumber:DONE
2024-03-05 13:42:28,455 DEBUG - 6.652ms,commonrequest:getTotalTransactionCount:DONE
2024-03-05 13:42:28,957 DEBUG - 7.930ms,commonrequest:getBlockNumber:DONE
2024-03-05 13:42:28,960 DEBUG - 9.368ms,commonrequest:getTotalTransactionCount:DONE
2024-03-05 13:42:29,453 DEBUG - 6.467ms,commonrequest:getBlockNumber:DONE
2024-03-05 13:42:29,456 DEBUG - 8.423ms,commonrequest:getTotalTransactionCount:DONE
2024-03-05 13:42:29,957 DEBUG - 6.936ms,commonrequest:getBlockNumber:DONE
2024-03-05 13:42:29,961 DEBUG - 9.005ms,commonrequest:getTotalTransactionCount:DONE
2024-03-05 13:42:30,461 DEBUG - 9.159ms,commonrequest:getBlockNumber:DONE
2024-03-05 13:42:30,463 DEBUG - 9.656ms,commonrequest:getTotalTransactionCount:DONE
2024-03-05 13:42:30,955 DEBUG - 7.714ms,commonrequest:getBlockNumber:DONE
2024-03-05 13:42:30,957 DEBUG - 9.250ms,commonrequest:getTotalTransactionCount:DONE
2024-03-05 13:42:31,463 DEBUG - 8.268ms,commonrequest:getTotalTransactionCount:DONE
2024-03-05 13:42:31,464 DEBUG - 7.881ms,commonrequest:getBlockNumber:DONE
2024-03-05 13:42:31,953 DEBUG - 4.277ms,commonrequest:getBlockNumber:DONE
2024-03-05 13:42:31,959 DEBUG - 8.890ms,commonrequest:getTotalTransactionCount:DONE
2024-03-05 13:42:32,460 DEBUG - 9.466ms,commonrequest:getBlockNumber:DONE
2024-03-05 13:42:32,462 DEBUG - 11.151ms,commonrequest:getTotalTransactionCount:DONE
2024-03-05 13:42:32,959 DEBUG - 6.760ms,commonrequest:getBlockNumber:DONE
2024-03-05 13:42:32,962 DEBUG - 8.394ms,commonrequest:getTotalTransactionCount:DONE
2024-03-05 13:42:33,457 DEBUG - 7.225ms,commonrequest:getBlockNumber:DONE
2024-03-05 13:42:33,461 DEBUG - 8.847ms,commonrequest:getTotalTransactionCount:DONE
2024-03-05 13:42:33,954 DEBUG - 6.766ms,commonrequest:getBlockNumber:DONE
2024-03-05 13:42:33,957 DEBUG - 9.079ms,commonrequest:getTotalTransactionCount:DONE
2024-03-05 13:42:34,452 DEBUG - 6.216ms,commonrequest:getBlockNumber:DONE
2024-03-05 13:42:34,455 DEBUG - 7.965ms,commonrequest:getTotalTransactionCount:DONE
2024-03-05 13:42:34,956 DEBUG - 3.867ms,commonrequest:getBlockNumber:DONE
2024-03-05 13:42:34,958 DEBUG - 5.736ms,commonrequest:getTotalTransactionCount:DONE
2024-03-05 13:42:35,456 DEBUG - 7.886ms,commonrequest:getBlockNumber:DONE
2024-03-05 13:42:35,457 DEBUG - 7.419ms,commonrequest:getTotalTransactionCount:DONE
2024-03-05 13:42:35,956 DEBUG - 6.899ms,commonrequest:getBlockNumber:DONE
2024-03-05 13:42:35,957 DEBUG - 7.820ms,commonrequest:getTotalTransactionCount:DONE
2024-03-05 13:42:36,459 DEBUG - 7.429ms,commonrequest:getBlockNumber:DONE
2024-03-05 13:42:36,463 DEBUG - 10.045ms,commonrequest:getTotalTransactionCount:DONE
2024-03-05 13:42:36,969 DEBUG - 6.485ms,commonrequest:getBlockNumber:DONE
2024-03-05 13:42:36,972 DEBUG - 8.907ms,commonrequest:getTotalTransactionCount:DONE
2024-03-05 13:42:37,455 DEBUG - 7.145ms,commonrequest:getBlockNumber:DONE
2024-03-05 13:42:37,459 DEBUG - 9.922ms,commonrequest:getTotalTransactionCount:DONE
2024-03-05 13:42:37,955 DEBUG - 8.159ms,commonrequest:getBlockNumber:DONE
2024-03-05 13:42:37,957 DEBUG - 8.870ms,commonrequest:getTotalTransactionCount:DONE
2024-03-05 13:42:38,459 DEBUG - 7.950ms,commonrequest:getBlockNumber:DONE
2024-03-05 13:42:38,461 DEBUG - 9.092ms,commonrequest:getTotalTransactionCount:DONE
2024-03-05 13:42:38,956 DEBUG - 8.093ms,commonrequest:getBlockNumber:DONE
2024-03-05 13:42:38,959 DEBUG - 10.139ms,commonrequest:getTotalTransactionCount:DONE
2024-03-05 13:42:39,453 DEBUG - 8.194ms,commonrequest:getTotalTransactionCount:DONE
2024-03-05 13:42:39,456 DEBUG - 10.142ms,commonrequest:getBlockNumber:DONE
2024-03-05 13:42:39,959 DEBUG - 7.506ms,commonrequest:getTotalTransactionCount:DONE
2024-03-05 13:42:39,959 DEBUG - 8.409ms,commonrequest:getBlockNumber:DONE
2024-03-05 13:42:40,461 DEBUG - 9.199ms,commonrequest:getBlockNumber:DONE
2024-03-05 13:42:40,465 DEBUG - 11.100ms,commonrequest:getTotalTransactionCount:DONE
2024-03-05 13:42:40,959 DEBUG - 7.789ms,commonrequest:getBlockNumber:DONE
2024-03-05 13:42:40,962 DEBUG - 10.076ms,commonrequest:getTotalTransactionCount:DONE
2024-03-05 13:42:41,568 DEBUG - 36.360ms,commonrequest:getTotalTransactionCount:DONE
2024-03-05 13:42:41,570 DEBUG - 7.398ms,commonrequest:getBlockNumber:DONE
2024-03-05 13:42:41,952 DEBUG - 7.677ms,commonrequest:getBlockNumber:DONE
2024-03-05 13:42:41,957 DEBUG - 11.549ms,commonrequest:getTotalTransactionCount:DONE
2024-03-05 13:42:42,459 DEBUG - 8.265ms,commonrequest:getBlockNumber:DONE
2024-03-05 13:42:42,463 DEBUG - 10.773ms,commonrequest:getTotalTransactionCount:DONE
2024-03-05 13:42:42,957 DEBUG - 8.045ms,commonrequest:getBlockNumber:DONE
2024-03-05 13:42:42,961 DEBUG - 10.705ms,commonrequest:getTotalTransactionCount:DONE
2024-03-05 13:42:43,455 DEBUG - 7.836ms,commonrequest:getBlockNumber:DONE
2024-03-05 13:42:43,459 DEBUG - 10.758ms,commonrequest:getTotalTransactionCount:DONE
2024-03-05 13:42:43,960 DEBUG - 7.453ms,commonrequest:getBlockNumber:DONE
2024-03-05 13:42:43,964 DEBUG - 10.264ms,commonrequest:getTotalTransactionCount:DONE
2024-03-05 13:42:44,453 DEBUG - 7.138ms,commonrequest:getBlockNumber:DONE
2024-03-05 13:42:44,457 DEBUG - 9.447ms,commonrequest:getTotalTransactionCount:DONE
2024-03-05 13:42:44,963 DEBUG - 10.171ms,commonrequest:getBlockNumber:DONE
2024-03-05 13:42:44,966 DEBUG - 12.401ms,commonrequest:getTotalTransactionCount:DONE
2024-03-05 13:42:45,458 DEBUG - 8.187ms,commonrequest:getBlockNumber:DONE
2024-03-05 13:42:45,461 DEBUG - 10.248ms,commonrequest:getTotalTransactionCount:DONE
2024-03-05 13:42:45,960 DEBUG - 8.295ms,commonrequest:getBlockNumber:DONE
2024-03-05 13:42:45,969 DEBUG - 15.995ms,commonrequest:getTotalTransactionCount:DONE
2024-03-05 13:42:46,459 DEBUG - 7.903ms,commonrequest:getBlockNumber:DONE
2024-03-05 13:42:46,460 DEBUG - 8.111ms,commonrequest:getTotalTransactionCount:DONE
2024-03-05 13:42:46,959 DEBUG - 11.753ms,commonrequest:getTotalTransactionCount:DONE
2024-03-05 13:42:46,961 DEBUG - 12.453ms,commonrequest:getBlockNumber:DONE
2024-03-05 13:42:47,457 DEBUG - 9.507ms,commonrequest:getBlockNumber:DONE
2024-03-05 13:42:47,460 DEBUG - 11.688ms,commonrequest:getTotalTransactionCount:DONE
2024-03-05 13:42:47,956 DEBUG - 5.196ms,commonrequest:getBlockNumber:DONE
2024-03-05 13:42:47,957 DEBUG - 5.263ms,commonrequest:getTotalTransactionCount:DONE
2024-03-05 13:42:48,460 DEBUG - 8.353ms,commonrequest:getBlockNumber:DONE
2024-03-05 13:42:48,463 DEBUG - 10.735ms,commonrequest:getTotalTransactionCount:DONE
2024-03-05 13:42:48,959 DEBUG - 8.096ms,commonrequest:getBlockNumber:DONE
2024-03-05 13:42:48,962 DEBUG - 9.669ms,commonrequest:getTotalTransactionCount:DONE
2024-03-05 13:42:49,459 DEBUG - 7.606ms,commonrequest:getBlockNumber:DONE
2024-03-05 13:42:49,463 DEBUG - 10.173ms,commonrequest:getTotalTransactionCount:DONE
2024-03-05 13:42:49,959 DEBUG - 7.157ms,commonrequest:getBlockNumber:DONE
2024-03-05 13:42:49,963 DEBUG - 9.940ms,commonrequest:getTotalTransactionCount:DONE
2024-03-05 13:42:50,458 DEBUG - 10.765ms,commonrequest:getBlockNumber:DONE
2024-03-05 13:42:50,463 DEBUG - 13.945ms,commonrequest:getTotalTransactionCount:DONE
2024-03-05 13:42:50,957 DEBUG - 7.708ms,commonrequest:getBlockNumber:DONE
2024-03-05 13:42:50,960 DEBUG - 9.365ms,commonrequest:getTotalTransactionCount:DONE
2024-03-05 13:42:51,472 DEBUG - 15.918ms,commonrequest:getBlockNumber:DONE
2024-03-05 13:42:51,479 DEBUG - 16.404ms,commonrequest:getTotalTransactionCount:DONE
2024-03-05 13:42:51,999 DEBUG - 54.117ms,commonrequest:getBlockNumber:DONE
2024-03-05 13:42:52,001 DEBUG - 55.262ms,commonrequest:getTotalTransactionCount:DONE
2024-03-05 13:42:52,457 DEBUG - 7.697ms,commonrequest:getBlockNumber:DONE
2024-03-05 13:42:52,462 DEBUG - 10.138ms,commonrequest:getTotalTransactionCount:DONE
2024-03-05 13:42:52,952 DEBUG - 7.462ms,commonrequest:getBlockNumber:DONE
2024-03-05 13:42:52,956 DEBUG - 10.361ms,commonrequest:getTotalTransactionCount:DONE
2024-03-05 13:42:53,458 DEBUG - 9.067ms,commonrequest:getBlockNumber:DONE
2024-03-05 13:42:53,460 DEBUG - 8.927ms,commonrequest:getTotalTransactionCount:DONE
2024-03-05 13:42:53,960 DEBUG - 8.267ms,commonrequest:getBlockNumber:DONE
2024-03-05 13:42:53,964 DEBUG - 10.765ms,commonrequest:getTotalTransactionCount:DONE
2024-03-05 13:42:54,457 DEBUG - 7.700ms,commonrequest:getBlockNumber:DONE
2024-03-05 13:42:54,462 DEBUG - 11.408ms,commonrequest:getTotalTransactionCount:DONE
2024-03-05 13:42:54,970 DEBUG - 9.956ms,commonrequest:getBlockNumber:DONE
2024-03-05 13:42:54,972 DEBUG - 9.752ms,commonrequest:getTotalTransactionCount:DONE
2024-03-05 13:42:56,547 DEBUG - 10.761ms,commonrequest:getBlockNumber:DONE
2024-03-05 13:42:56,551 DEBUG - 12.709ms,commonrequest:getTotalTransactionCount:DONE
2024-03-05 13:42:56,955 DEBUG - 8.398ms,commonrequest:getBlockNumber:DONE
2024-03-05 13:42:56,959 DEBUG - 10.608ms,commonrequest:getTotalTransactionCount:DONE
2024-03-05 13:42:57,458 DEBUG - 9.108ms,commonrequest:getBlockNumber:DONE
2024-03-05 13:42:57,461 DEBUG - 10.597ms,commonrequest:getTotalTransactionCount:DONE
2024-03-05 13:42:57,958 DEBUG - 9.345ms,commonrequest:getBlockNumber:DONE
2024-03-05 13:42:57,962 DEBUG - 12.041ms,commonrequest:getTotalTransactionCount:DONE
2024-03-05 13:42:58,462 DEBUG - 8.681ms,commonrequest:getBlockNumber:DONE
2024-03-05 13:42:58,467 DEBUG - 12.960ms,commonrequest:getTotalTransactionCount:DONE
2024-03-05 13:42:58,961 DEBUG - 9.959ms,commonrequest:getBlockNumber:DONE
2024-03-05 13:42:58,965 DEBUG - 12.343ms,commonrequest:getTotalTransactionCount:DONE
2024-03-05 13:42:59,563 DEBUG - 12.877ms,commonrequest:getBlockNumber:DONE
2024-03-05 13:42:59,567 DEBUG - 14.244ms,commonrequest:getTotalTransactionCount:DONE
2024-03-05 13:43:00,562 DEBUG - 9.354ms,commonrequest:getBlockNumber:DONE
2024-03-05 13:43:00,563 DEBUG - 9.432ms,commonrequest:getTotalTransactionCount:DONE
2024-03-05 13:43:01,000 DEBUG - 16.335ms,commonrequest:getBlockNumber:DONE
2024-03-05 13:43:01,018 DEBUG - 29.256ms,commonrequest:getTotalTransactionCount:DONE
2024-03-05 13:43:01,628 DEBUG - 164.870ms,commonrequest:getTotalTransactionCount:DONE
2024-03-05 13:43:01,628 DEBUG - 166.086ms,commonrequest:getBlockNumber:DONE
2024-03-05 13:43:01,979 DEBUG - 23.235ms,commonrequest:getBlockNumber:DONE
2024-03-05 13:43:02,080 DEBUG - 120.216ms,commonrequest:getTotalTransactionCount:DONE
2024-03-05 13:43:02,493 DEBUG - 25.018ms,commonrequest:getBlockNumber:DONE
2024-03-05 13:43:02,501 DEBUG - 29.302ms,commonrequest:getTotalTransactionCount:DONE
2024-03-05 13:43:02,979 DEBUG - 29.877ms,commonrequest:getBlockNumber:DONE
2024-03-05 13:43:03,032 DEBUG - 81.319ms,commonrequest:getTotalTransactionCount:DONE
2024-03-05 13:43:03,487 DEBUG - 21.250ms,commonrequest:getBlockNumber:DONE
2024-03-05 13:43:03,491 DEBUG - 23.161ms,commonrequest:getTotalTransactionCount:DONE
2024-03-05 13:43:03,954 DEBUG - 8.309ms,commonrequest:getBlockNumber:DONE
2024-03-05 13:43:03,955 DEBUG - 7.617ms,commonrequest:getTotalTransactionCount:DONE
2024-03-05 13:43:04,468 DEBUG - 16.528ms,commonrequest:getBlockNumber:DONE
2024-03-05 13:43:04,473 DEBUG - 20.178ms,commonrequest:getTotalTransactionCount:DONE
2024-03-05 13:43:04,957 DEBUG - 9.442ms,commonrequest:getBlockNumber:DONE
2024-03-05 13:43:04,962 DEBUG - 13.242ms,commonrequest:getTotalTransactionCount:DONE
2024-03-05 13:43:05,481 DEBUG - 26.034ms,commonrequest:getBlockNumber:DONE
2024-03-05 13:43:05,529 DEBUG - 73.250ms,commonrequest:getTotalTransactionCount:DONE
2024-03-05 13:43:06,088 DEBUG - 128.188ms,commonrequest:getBlockNumber:DONE
2024-03-05 13:43:06,088 DEBUG - 116.679ms,commonrequest:getTotalTransactionCount:DONE
2024-03-05 13:43:06,459 DEBUG - 10.367ms,commonrequest:getBlockNumber:DONE
2024-03-05 13:43:06,461 DEBUG - 10.874ms,commonrequest:getTotalTransactionCount:DONE
2024-03-05 13:43:07,090 DEBUG - 11.908ms,commonrequest:getTotalTransactionCount:DONE
2024-03-05 13:43:07,092 DEBUG - 122.047ms,commonrequest:getBlockNumber:DONE
2024-03-05 13:43:07,461 DEBUG - 14.565ms,commonrequest:getBlockNumber:DONE
2024-03-05 13:43:07,463 DEBUG - 14.332ms,commonrequest:getTotalTransactionCount:DONE
2024-03-05 13:43:08,046 DEBUG - 79.076ms,commonrequest:getBlockNumber:DONE
2024-03-05 13:43:08,081 DEBUG - 89.864ms,commonrequest:getTotalTransactionCount:DONE
2024-03-05 13:43:08,496 DEBUG - 48.146ms,commonrequest:getBlockNumber:DONE
2024-03-05 13:43:08,500 DEBUG - 35.865ms,commonrequest:getTotalTransactionCount:DONE
2024-03-05 13:43:08,955 DEBUG - 8.005ms,commonrequest:getBlockNumber:DONE
2024-03-05 13:43:08,960 DEBUG - 12.118ms,commonrequest:getTotalTransactionCount:DONE
2024-03-05 13:43:09,467 DEBUG - 13.294ms,commonrequest:getBlockNumber:DONE
2024-03-05 13:43:09,479 DEBUG - 23.877ms,commonrequest:getTotalTransactionCount:DONE
2024-03-05 13:43:09,969 DEBUG - 10.609ms,commonrequest:getTotalTransactionCount:DONE
2024-03-05 13:43:09,985 DEBUG - 31.176ms,commonrequest:getBlockNumber:DONE
2024-03-05 13:43:10,683 DEBUG - 82.761ms,commonrequest:getBlockNumber:DONE
2024-03-05 13:43:10,715 DEBUG - 113.854ms,commonrequest:getTotalTransactionCount:DONE
2024-03-05 13:43:10,970 DEBUG - 18.832ms,commonrequest:getBlockNumber:DONE
2024-03-05 13:43:10,975 DEBUG - 22.339ms,commonrequest:getTotalTransactionCount:DONE
2024-03-05 13:43:11,537 DEBUG - 81.354ms,commonrequest:getBlockNumber:DONE
2024-03-05 13:43:11,549 DEBUG - 88.773ms,commonrequest:getTotalTransactionCount:DONE
2024-03-05 13:43:11,954 DEBUG - 7.604ms,commonrequest:getBlockNumber:DONE
2024-03-05 13:43:11,960 DEBUG - 12.687ms,commonrequest:getTotalTransactionCount:DONE
2024-03-05 13:43:12,453 DEBUG - 7.422ms,commonrequest:getTotalTransactionCount:DONE
2024-03-05 13:43:12,460 DEBUG - 12.705ms,commonrequest:getBlockNumber:DONE
2024-03-05 13:43:12,956 DEBUG - 9.045ms,commonrequest:getBlockNumber:DONE
2024-03-05 13:43:12,963 DEBUG - 14.783ms,commonrequest:getTotalTransactionCount:DONE
2024-03-05 13:43:13,460 DEBUG - 8.267ms,commonrequest:getBlockNumber:DONE
2024-03-05 13:43:13,462 DEBUG - 10.052ms,commonrequest:getTotalTransactionCount:DONE
2024-03-05 13:43:13,958 DEBUG - 8.456ms,commonrequest:getBlockNumber:DONE
2024-03-05 13:43:13,962 DEBUG - 11.278ms,commonrequest:getTotalTransactionCount:DONE
2024-03-05 13:43:14,460 DEBUG - 8.145ms,commonrequest:getBlockNumber:DONE
2024-03-05 13:43:14,463 DEBUG - 9.976ms,commonrequest:getTotalTransactionCount:DONE
2024-03-05 13:43:14,959 DEBUG - 8.774ms,commonrequest:getBlockNumber:DONE
2024-03-05 13:43:14,962 DEBUG - 10.721ms,commonrequest:getTotalTransactionCount:DONE
2024-03-05 13:43:15,458 DEBUG - 8.256ms,commonrequest:getBlockNumber:DONE
2024-03-05 13:43:15,463 DEBUG - 11.402ms,commonrequest:getTotalTransactionCount:DONE
2024-03-05 13:43:15,959 DEBUG - 7.287ms,commonrequest:getBlockNumber:DONE
2024-03-05 13:43:15,970 DEBUG - 16.257ms,commonrequest:getTotalTransactionCount:DONE
2024-03-05 13:43:16,459 DEBUG - 10.372ms,commonrequest:getBlockNumber:DONE
2024-03-05 13:43:16,464 DEBUG - 14.350ms,commonrequest:getTotalTransactionCount:DONE
2024-03-05 13:43:17,564 DEBUG - 10.339ms,commonrequest:getBlockNumber:DONE
2024-03-05 13:43:17,569 DEBUG - 13.961ms,commonrequest:getTotalTransactionCount:DONE
2024-03-05 13:43:18,561 DEBUG - 6.813ms,commonrequest:getBlockNumber:DONE
2024-03-05 13:43:18,563 DEBUG - 8.052ms,commonrequest:getTotalTransactionCount:DONE
2024-03-05 13:43:19,584 DEBUG - 29.577ms,commonrequest:getBlockNumber:DONE
2024-03-05 13:43:19,584 DEBUG - 27.390ms,commonrequest:getTotalTransactionCount:DONE
2024-03-05 13:43:20,568 DEBUG - 10.621ms,commonrequest:getTotalTransactionCount:DONE
2024-03-05 13:43:20,573 DEBUG - 15.598ms,commonrequest:getBlockNumber:DONE
2024-03-05 13:43:21,560 DEBUG - 7.689ms,commonrequest:getBlockNumber:DONE
2024-03-05 13:43:21,564 DEBUG - 10.076ms,commonrequest:getTotalTransactionCount:DONE
2024-03-05 13:43:22,577 DEBUG - 19.309ms,commonrequest:getBlockNumber:DONE
2024-03-05 13:43:22,578 DEBUG - 19.187ms,commonrequest:getTotalTransactionCount:DONE
2024-03-05 13:43:23,473 DEBUG - 16.335ms,commonrequest:getBlockNumber:DONE
2024-03-05 13:43:23,478 DEBUG - 20.440ms,commonrequest:getTotalTransactionCount:DONE
2024-03-05 13:43:23,954 DEBUG - 8.939ms,commonrequest:getBlockNumber:DONE
2024-03-05 13:43:23,962 DEBUG - 15.316ms,commonrequest:getTotalTransactionCount:DONE
2024-03-05 13:43:24,465 DEBUG - 14.763ms,commonrequest:getBlockNumber:DONE
2024-03-05 13:43:24,469 DEBUG - 15.070ms,commonrequest:getTotalTransactionCount:DONE
2024-03-05 13:43:24,973 DEBUG - 22.275ms,commonrequest:getBlockNumber:DONE
2024-03-05 13:43:24,985 DEBUG - 32.861ms,commonrequest:getTotalTransactionCount:DONE
2024-03-05 13:43:25,463 DEBUG - 15.695ms,commonrequest:getBlockNumber:DONE
2024-03-05 13:43:25,465 DEBUG - 11.253ms,commonrequest:getTotalTransactionCount:DONE
2024-03-05 13:43:25,964 DEBUG - 16.177ms,commonrequest:getBlockNumber:DONE
2024-03-05 13:43:25,972 DEBUG - 21.402ms,commonrequest:getTotalTransactionCount:DONE
2024-03-05 13:43:26,453 DEBUG - 8.085ms,commonrequest:getBlockNumber:DONE
2024-03-05 13:43:26,456 DEBUG - 10.514ms,commonrequest:getTotalTransactionCount:DONE
2024-03-05 13:43:26,990 DEBUG - 13.279ms,commonrequest:getTotalTransactionCount:DONE
2024-03-05 13:43:26,991 DEBUG - 14.922ms,commonrequest:getBlockNumber:DONE
2024-03-05 13:43:27,469 DEBUG - 16.917ms,commonrequest:getBlockNumber:DONE
2024-03-05 13:43:27,485 DEBUG - 21.068ms,commonrequest:getTotalTransactionCount:DONE
2024-03-05 13:46:42,549 DEBUG - 1.673ms,commonrequest:getBlockNumber:DONE
2024-03-05 13:46:42,551 DEBUG - 1.637ms,commonrequest:getNodeIDList:DONE
2024-03-05 14:26:31,384 DEBUG - 3.016ms,commonrequest:getBlockNumber:DONE
2024-03-05 14:26:31,389 DEBUG - 2.927ms,commonrequest:getNodeIDList:DONE
2024-03-05 14:56:15,252 DEBUG - 7.873ms,commonrequest:getBlockNumber:DONE
2024-03-05 14:56:15,257 DEBUG - 14.691ms,commonrequest:getNodeIDList:DONE
2024-03-05 14:56:15,258 DEBUG - 12.302ms,commonrequest:getTotalTransactionCount:DONE
2024-03-05 14:56:15,379 DEBUG - 9.755ms,commonrequest:getBlockNumber:DONE
2024-03-05 14:56:15,380 DEBUG - 7.676ms,commonrequest:getTotalTransactionCount:DONE
2024-03-05 14:56:16,108 DEBUG - 20.788ms,commonrequest:getBlockNumber:DONE
2024-03-05 14:56:16,127 DEBUG - 24.379ms,commonrequest:getTotalTransactionCount:DONE
2024-03-05 14:56:16,229 DEBUG - 25.491ms,commonrequest:getBlockNumber:DONE
2024-03-05 14:56:16,231 DEBUG - 23.942ms,commonrequest:getTotalTransactionCount:DONE
2024-03-05 14:56:16,653 DEBUG - 12.963ms,commonrequest:getBlockNumber:DONE
2024-03-05 14:56:16,658 DEBUG - 15.038ms,commonrequest:getTotalTransactionCount:DONE
2024-03-05 14:56:17,154 DEBUG - 4.324ms,commonrequest:getBlockNumber:DONE
2024-03-05 14:56:17,155 DEBUG - 4.170ms,commonrequest:getTotalTransactionCount:DONE
2024-03-05 14:56:17,646 DEBUG - 7.243ms,commonrequest:getBlockNumber:DONE
2024-03-05 14:56:17,648 DEBUG - 8.664ms,commonrequest:getTotalTransactionCount:DONE
2024-03-05 14:56:18,140 DEBUG - 5.957ms,commonrequest:getBlockNumber:DONE
2024-03-05 14:56:18,142 DEBUG - 6.942ms,commonrequest:getTotalTransactionCount:DONE
2024-03-05 14:56:18,931 DEBUG - 5.218ms,commonrequest:getNodeIDList:DONE
2024-03-05 14:56:18,936 DEBUG - 8.349ms,commonrequest:getBlockNumber:DONE
2024-03-05 14:56:18,938 DEBUG - 8.048ms,commonrequest:getTotalTransactionCount:DONE
2024-03-05 14:56:19,218 DEBUG - 7.645ms,commonrequest:getBlockNumber:DONE
2024-03-05 14:56:19,221 DEBUG - 8.971ms,commonrequest:getTotalTransactionCount:DONE
2024-03-05 14:56:19,706 DEBUG - 8.849ms,commonrequest:getBlockNumber:DONE
2024-03-05 14:56:19,708 DEBUG - 9.394ms,commonrequest:getTotalTransactionCount:DONE
2024-03-05 14:56:20,656 DEBUG - 10.206ms,commonrequest:getNodeIDList:DONE
2024-03-05 14:56:20,659 DEBUG - 13.050ms,commonrequest:getBlockNumber:DONE
2024-03-05 14:56:20,660 DEBUG - 12.663ms,commonrequest:getTotalTransactionCount:DONE
2024-03-05 14:56:20,958 DEBUG - 5.697ms,commonrequest:getBlockNumber:DONE
2024-03-05 14:56:20,959 DEBUG - 5.495ms,commonrequest:getTotalTransactionCount:DONE
2024-03-05 14:56:21,458 DEBUG - 7.377ms,commonrequest:getBlockNumber:DONE
2024-03-05 14:56:21,461 DEBUG - 9.316ms,commonrequest:getTotalTransactionCount:DONE
2024-03-05 14:56:22,014 DEBUG - 53.958ms,commonrequest:getBlockNumber:DONE
2024-03-05 14:56:22,020 DEBUG - 58.135ms,commonrequest:getTotalTransactionCount:DONE
2024-03-05 14:56:22,459 DEBUG - 5.917ms,commonrequest:getBlockNumber:DONE
2024-03-05 14:56:22,459 DEBUG - 5.644ms,commonrequest:getTotalTransactionCount:DONE
2024-03-05 14:56:22,958 DEBUG - 6.688ms,commonrequest:getBlockNumber:DONE
2024-03-05 14:56:22,959 DEBUG - 6.658ms,commonrequest:getTotalTransactionCount:DONE
2024-03-05 14:56:23,166 DEBUG - 3.560ms,commonrequest:getBlockNumber:DONE
2024-03-05 14:56:23,169 DEBUG - 3.537ms,commonrequest:getBlockByNumber:DONE
2024-03-05 14:56:23,458 DEBUG - 7.749ms,commonrequest:getBlockNumber:DONE
2024-03-05 14:56:23,459 DEBUG - 7.917ms,commonrequest:getTotalTransactionCount:DONE
2024-03-05 14:56:23,964 DEBUG - 11.818ms,commonrequest:getBlockNumber:DONE
2024-03-05 14:56:23,966 DEBUG - 11.906ms,commonrequest:getTotalTransactionCount:DONE
2024-03-05 14:56:24,462 DEBUG - 6.573ms,commonrequest:getBlockNumber:DONE
2024-03-05 14:56:24,463 DEBUG - 6.977ms,commonrequest:getTotalTransactionCount:DONE
2024-03-05 14:56:24,959 DEBUG - 7.340ms,commonrequest:getBlockNumber:DONE
2024-03-05 14:56:24,960 DEBUG - 6.475ms,commonrequest:getTotalTransactionCount:DONE
2024-03-05 14:56:25,463 DEBUG - 6.951ms,commonrequest:getBlockNumber:DONE
2024-03-05 14:56:25,464 DEBUG - 6.597ms,commonrequest:getTotalTransactionCount:DONE
2024-03-05 14:56:25,957 DEBUG - 5.914ms,commonrequest:getTotalTransactionCount:DONE
2024-03-05 14:56:25,958 DEBUG - 6.280ms,commonrequest:getBlockNumber:DONE
2024-03-05 14:56:26,465 DEBUG - 8.735ms,commonrequest:getBlockNumber:DONE
2024-03-05 14:56:26,468 DEBUG - 10.063ms,commonrequest:getTotalTransactionCount:DONE
2024-03-05 14:56:26,963 DEBUG - 11.001ms,commonrequest:getBlockNumber:DONE
2024-03-05 14:56:26,963 DEBUG - 9.848ms,commonrequest:getTotalTransactionCount:DONE
2024-03-05 14:56:27,461 DEBUG - 6.634ms,commonrequest:getBlockNumber:DONE
2024-03-05 14:56:27,463 DEBUG - 7.280ms,commonrequest:getTotalTransactionCount:DONE
2024-03-05 14:56:27,958 DEBUG - 6.124ms,commonrequest:getBlockNumber:DONE
2024-03-05 14:56:27,959 DEBUG - 6.353ms,commonrequest:getTotalTransactionCount:DONE
2024-03-05 14:56:28,465 DEBUG - 7.718ms,commonrequest:getBlockNumber:DONE
2024-03-05 14:56:28,467 DEBUG - 9.569ms,commonrequest:getTotalTransactionCount:DONE
2024-03-05 14:56:28,960 DEBUG - 8.220ms,commonrequest:getBlockNumber:DONE
2024-03-05 14:56:28,965 DEBUG - 12.276ms,commonrequest:getTotalTransactionCount:DONE
2024-03-05 14:56:29,464 DEBUG - 7.916ms,commonrequest:getBlockNumber:DONE
2024-03-05 14:56:29,466 DEBUG - 8.442ms,commonrequest:getTotalTransactionCount:DONE
2024-03-05 14:56:29,958 DEBUG - 6.447ms,commonrequest:getBlockNumber:DONE
2024-03-05 14:56:29,959 DEBUG - 6.516ms,commonrequest:getTotalTransactionCount:DONE
2024-03-05 14:56:30,458 DEBUG - 6.623ms,commonrequest:getBlockNumber:DONE
2024-03-05 14:56:30,460 DEBUG - 7.381ms,commonrequest:getTotalTransactionCount:DONE
2024-03-05 14:56:31,022 DEBUG - 54.399ms,commonrequest:getBlockNumber:DONE
2024-03-05 14:56:31,034 DEBUG - 61.885ms,commonrequest:getTotalTransactionCount:DONE
2024-03-05 14:56:31,458 DEBUG - 6.807ms,commonrequest:getBlockNumber:DONE
2024-03-05 14:56:31,466 DEBUG - 12.844ms,commonrequest:getTotalTransactionCount:DONE
2024-03-05 14:56:32,257 DEBUG - 1.831ms,commonrequest:getBlockNumber:DONE
2024-03-05 14:56:32,260 DEBUG - 4.692ms,commonrequest:getTotalTransactionCount:DONE
2024-03-05 14:56:33,259 DEBUG - 9.750ms,commonrequest:getBlockNumber:DONE
2024-03-05 14:56:33,264 DEBUG - 13.256ms,commonrequest:getTotalTransactionCount:DONE
2024-03-05 14:56:34,262 DEBUG - 10.494ms,commonrequest:getBlockNumber:DONE
2024-03-05 14:56:34,265 DEBUG - 10.037ms,commonrequest:getTotalTransactionCount:DONE
2024-03-05 14:56:35,258 DEBUG - 7.255ms,commonrequest:getBlockNumber:DONE
2024-03-05 14:56:35,258 DEBUG - 6.648ms,commonrequest:getTotalTransactionCount:DONE
2024-03-05 14:56:36,261 DEBUG - 9.145ms,commonrequest:getBlockNumber:DONE
2024-03-05 14:56:36,262 DEBUG - 8.743ms,commonrequest:getTotalTransactionCount:DONE
2024-03-05 14:56:37,261 DEBUG - 9.734ms,commonrequest:getBlockNumber:DONE
2024-03-05 14:56:37,263 DEBUG - 8.492ms,commonrequest:getTotalTransactionCount:DONE
2024-03-05 14:56:38,258 DEBUG - 6.617ms,commonrequest:getBlockNumber:DONE
2024-03-05 14:56:38,260 DEBUG - 7.455ms,commonrequest:getTotalTransactionCount:DONE
2024-03-05 14:56:39,257 DEBUG - 4.508ms,commonrequest:getBlockNumber:DONE
2024-03-05 14:56:39,258 DEBUG - 4.804ms,commonrequest:getTotalTransactionCount:DONE
2024-03-05 14:56:40,257 DEBUG - 5.530ms,commonrequest:getBlockNumber:DONE
2024-03-05 14:56:40,261 DEBUG - 8.870ms,commonrequest:getTotalTransactionCount:DONE
2024-03-05 14:56:41,257 DEBUG - 6.391ms,commonrequest:getBlockNumber:DONE
2024-03-05 14:56:41,258 DEBUG - 6.463ms,commonrequest:getTotalTransactionCount:DONE
2024-03-05 14:56:42,259 DEBUG - 7.708ms,commonrequest:getTotalTransactionCount:DONE
2024-03-05 14:56:42,260 DEBUG - 7.846ms,commonrequest:getBlockNumber:DONE
2024-03-05 14:56:43,258 DEBUG - 7.002ms,commonrequest:getBlockNumber:DONE
2024-03-05 14:56:43,260 DEBUG - 7.819ms,commonrequest:getTotalTransactionCount:DONE
2024-03-05 14:56:44,257 DEBUG - 6.345ms,commonrequest:getBlockNumber:DONE
2024-03-05 14:56:44,260 DEBUG - 7.901ms,commonrequest:getTotalTransactionCount:DONE
2024-03-05 14:56:45,251 DEBUG - 3.929ms,commonrequest:getBlockNumber:DONE
2024-03-05 14:56:45,254 DEBUG - 6.523ms,commonrequest:getTotalTransactionCount:DONE
2024-03-05 14:56:46,255 DEBUG - 3.745ms,commonrequest:getBlockNumber:DONE
2024-03-05 14:56:46,257 DEBUG - 5.341ms,commonrequest:getTotalTransactionCount:DONE
2024-03-05 14:56:47,256 DEBUG - 5.632ms,commonrequest:getBlockNumber:DONE
2024-03-05 14:56:47,257 DEBUG - 5.616ms,commonrequest:getTotalTransactionCount:DONE
2024-03-05 14:56:48,271 DEBUG - 16.493ms,commonrequest:getBlockNumber:DONE
2024-03-05 14:56:48,285 DEBUG - 28.081ms,commonrequest:getTotalTransactionCount:DONE
2024-03-05 14:56:49,259 DEBUG - 6.650ms,commonrequest:getBlockNumber:DONE
2024-03-05 14:56:49,265 DEBUG - 8.785ms,commonrequest:getTotalTransactionCount:DONE
2024-03-05 14:56:50,257 DEBUG - 6.586ms,commonrequest:getBlockNumber:DONE
2024-03-05 14:56:50,260 DEBUG - 8.186ms,commonrequest:getTotalTransactionCount:DONE
2024-03-05 14:56:51,262 DEBUG - 9.146ms,commonrequest:getBlockNumber:DONE
2024-03-05 14:56:51,265 DEBUG - 10.058ms,commonrequest:getTotalTransactionCount:DONE
2024-03-05 14:56:52,253 DEBUG - 6.017ms,commonrequest:getBlockNumber:DONE
2024-03-05 14:56:52,257 DEBUG - 8.595ms,commonrequest:getTotalTransactionCount:DONE
2024-03-05 14:56:53,257 DEBUG - 7.123ms,commonrequest:getBlockNumber:DONE
2024-03-05 14:56:53,261 DEBUG - 9.613ms,commonrequest:getTotalTransactionCount:DONE
2024-03-05 14:56:54,256 DEBUG - 6.272ms,commonrequest:getBlockNumber:DONE
2024-03-05 14:56:54,257 DEBUG - 6.554ms,commonrequest:getTotalTransactionCount:DONE
2024-03-05 14:56:55,258 DEBUG - 9.000ms,commonrequest:getBlockNumber:DONE
2024-03-05 14:56:55,258 DEBUG - 8.128ms,commonrequest:getTotalTransactionCount:DONE
2024-03-05 14:56:56,253 DEBUG - 3.314ms,commonrequest:getBlockNumber:DONE
2024-03-05 14:56:56,259 DEBUG - 8.006ms,commonrequest:getTotalTransactionCount:DONE
2024-03-05 14:56:57,258 DEBUG - 7.237ms,commonrequest:getBlockNumber:DONE
2024-03-05 14:56:57,259 DEBUG - 7.380ms,commonrequest:getTotalTransactionCount:DONE
2024-03-05 14:56:58,251 DEBUG - 2.083ms,commonrequest:getBlockNumber:DONE
2024-03-05 14:56:58,255 DEBUG - 5.388ms,commonrequest:getTotalTransactionCount:DONE
2024-03-05 14:56:59,259 DEBUG - 6.941ms,commonrequest:getBlockNumber:DONE
2024-03-05 14:56:59,261 DEBUG - 7.750ms,commonrequest:getTotalTransactionCount:DONE
2024-03-05 14:57:00,258 DEBUG - 6.677ms,commonrequest:getBlockNumber:DONE
2024-03-05 14:57:00,264 DEBUG - 9.701ms,commonrequest:getTotalTransactionCount:DONE
2024-03-05 14:57:01,256 DEBUG - 7.738ms,commonrequest:getBlockNumber:DONE
2024-03-05 14:57:01,257 DEBUG - 7.701ms,commonrequest:getTotalTransactionCount:DONE
2024-03-05 14:57:02,255 DEBUG - 5.508ms,commonrequest:getBlockNumber:DONE
2024-03-05 14:57:02,256 DEBUG - 5.510ms,commonrequest:getTotalTransactionCount:DONE
2024-03-05 14:57:03,254 DEBUG - 5.080ms,commonrequest:getBlockNumber:DONE
2024-03-05 14:57:03,256 DEBUG - 6.349ms,commonrequest:getTotalTransactionCount:DONE
2024-03-05 14:57:04,255 DEBUG - 7.810ms,commonrequest:getBlockNumber:DONE
2024-03-05 14:57:04,260 DEBUG - 10.912ms,commonrequest:getTotalTransactionCount:DONE
2024-03-05 14:57:05,256 DEBUG - 6.766ms,commonrequest:getBlockNumber:DONE
2024-03-05 14:57:05,256 DEBUG - 6.450ms,commonrequest:getTotalTransactionCount:DONE
2024-03-05 14:57:06,254 DEBUG - 4.683ms,commonrequest:getTotalTransactionCount:DONE
2024-03-05 14:57:06,254 DEBUG - 5.053ms,commonrequest:getBlockNumber:DONE
2024-03-05 14:57:07,253 DEBUG - 4.356ms,commonrequest:getBlockNumber:DONE
2024-03-05 14:57:07,255 DEBUG - 5.861ms,commonrequest:getTotalTransactionCount:DONE
2024-03-05 14:57:08,255 DEBUG - 7.103ms,commonrequest:getBlockNumber:DONE
2024-03-05 14:57:08,257 DEBUG - 7.597ms,commonrequest:getTotalTransactionCount:DONE
2024-03-05 14:57:09,257 DEBUG - 6.395ms,commonrequest:getTotalTransactionCount:DONE
2024-03-05 14:57:09,258 DEBUG - 7.262ms,commonrequest:getBlockNumber:DONE
2024-03-05 14:57:10,254 DEBUG - 4.948ms,commonrequest:getBlockNumber:DONE
2024-03-05 14:57:10,255 DEBUG - 5.256ms,commonrequest:getTotalTransactionCount:DONE
2024-03-05 14:57:11,253 DEBUG - 4.499ms,commonrequest:getBlockNumber:DONE
2024-03-05 14:57:11,254 DEBUG - 4.893ms,commonrequest:getTotalTransactionCount:DONE
2024-03-05 14:57:12,251 DEBUG - 4.744ms,commonrequest:getBlockNumber:DONE
2024-03-05 14:57:12,257 DEBUG - 9.180ms,commonrequest:getTotalTransactionCount:DONE
2024-03-05 14:57:13,255 DEBUG - 7.106ms,commonrequest:getBlockNumber:DONE
2024-03-05 14:57:13,257 DEBUG - 8.539ms,commonrequest:getTotalTransactionCount:DONE
2024-03-05 14:57:14,259 DEBUG - 9.757ms,commonrequest:getBlockNumber:DONE
2024-03-05 14:57:14,261 DEBUG - 9.980ms,commonrequest:getTotalTransactionCount:DONE
2024-03-05 14:57:15,257 DEBUG - 8.961ms,commonrequest:getBlockNumber:DONE
2024-03-05 14:57:15,257 DEBUG - 8.374ms,commonrequest:getTotalTransactionCount:DONE
2024-03-05 14:57:16,260 DEBUG - 7.266ms,commonrequest:getBlockNumber:DONE
2024-03-05 14:57:16,261 DEBUG - 8.168ms,commonrequest:getTotalTransactionCount:DONE
2024-03-05 14:57:17,272 DEBUG - 23.661ms,commonrequest:getBlockNumber:DONE
2024-03-05 14:57:17,276 DEBUG - 16.514ms,commonrequest:getTotalTransactionCount:DONE
2024-03-05 14:57:18,257 DEBUG - 6.543ms,commonrequest:getBlockNumber:DONE
2024-03-05 14:57:18,261 DEBUG - 9.221ms,commonrequest:getTotalTransactionCount:DONE
2024-03-05 14:57:19,255 DEBUG - 5.896ms,commonrequest:getBlockNumber:DONE
2024-03-05 14:57:19,258 DEBUG - 7.967ms,commonrequest:getTotalTransactionCount:DONE
2024-03-05 14:57:20,255 DEBUG - 6.635ms,commonrequest:getBlockNumber:DONE
2024-03-05 14:57:20,259 DEBUG - 8.926ms,commonrequest:getTotalTransactionCount:DONE
2024-03-05 14:57:21,256 DEBUG - 6.854ms,commonrequest:getBlockNumber:DONE
2024-03-05 14:57:21,259 DEBUG - 9.429ms,commonrequest:getTotalTransactionCount:DONE
2024-03-05 14:57:22,259 DEBUG - 10.128ms,commonrequest:getBlockNumber:DONE
2024-03-05 14:57:22,263 DEBUG - 12.261ms,commonrequest:getTotalTransactionCount:DONE
2024-03-05 14:57:23,259 DEBUG - 7.333ms,commonrequest:getBlockNumber:DONE
2024-03-05 14:57:23,262 DEBUG - 9.208ms,commonrequest:getTotalTransactionCount:DONE
2024-03-05 14:57:24,279 DEBUG - 12.737ms,commonrequest:getBlockNumber:DONE
2024-03-05 14:57:24,283 DEBUG - 14.228ms,commonrequest:getTotalTransactionCount:DONE
2024-03-05 14:57:25,255 DEBUG - 6.941ms,commonrequest:getBlockNumber:DONE
2024-03-05 14:57:25,260 DEBUG - 10.927ms,commonrequest:getTotalTransactionCount:DONE
2024-03-05 14:57:26,256 DEBUG - 7.784ms,commonrequest:getBlockNumber:DONE
2024-03-05 14:57:26,258 DEBUG - 8.579ms,commonrequest:getTotalTransactionCount:DONE
2024-03-05 14:57:27,257 DEBUG - 8.005ms,commonrequest:getBlockNumber:DONE
2024-03-05 14:57:27,260 DEBUG - 8.993ms,commonrequest:getTotalTransactionCount:DONE
2024-03-05 14:57:28,256 DEBUG - 9.047ms,commonrequest:getBlockNumber:DONE
2024-03-05 14:57:28,258 DEBUG - 9.858ms,commonrequest:getTotalTransactionCount:DONE
2024-03-05 14:57:29,257 DEBUG - 8.474ms,commonrequest:getBlockNumber:DONE
2024-03-05 14:57:29,259 DEBUG - 9.804ms,commonrequest:getTotalTransactionCount:DONE
2024-03-05 14:57:30,255 DEBUG - 7.494ms,commonrequest:getBlockNumber:DONE
2024-03-05 14:57:30,259 DEBUG - 10.100ms,commonrequest:getTotalTransactionCount:DONE
2024-03-05 14:57:31,257 DEBUG - 9.560ms,commonrequest:getBlockNumber:DONE
2024-03-05 14:57:31,263 DEBUG - 14.748ms,commonrequest:getTotalTransactionCount:DONE
2024-03-05 14:58:16,271 DEBUG - 19.936ms,commonrequest:getBlockNumber:DONE
2024-03-05 14:58:16,326 DEBUG - 71.360ms,commonrequest:getTotalTransactionCount:DONE
2024-03-05 14:59:16,253 DEBUG - 7.177ms,commonrequest:getBlockNumber:DONE
2024-03-05 14:59:16,256 DEBUG - 9.261ms,commonrequest:getTotalTransactionCount:DONE
2024-03-05 15:00:16,327 DEBUG - 82.845ms,commonrequest:getBlockNumber:DONE
2024-03-05 15:00:16,327 DEBUG - 82.361ms,commonrequest:getTotalTransactionCount:DONE
2024-03-05 15:01:16,260 DEBUG - 20.687ms,commonrequest:getBlockNumber:DONE
2024-03-05 15:01:16,267 DEBUG - 26.014ms,commonrequest:getTotalTransactionCount:DONE
2024-03-05 15:02:16,242 DEBUG - 7.537ms,commonrequest:getBlockNumber:DONE
2024-03-05 15:02:16,244 DEBUG - 8.474ms,commonrequest:getTotalTransactionCount:DONE
